Dataset/Injected-Faults/AnkiDroid/Anki-Android-Defeito-1/AnkiDroid/build/intermediates/manifest_merge_blame_file/debug/manifest-merger-blame-debug-report.txt
1<?xml version="1.0" encoding="utf-8"?>
2<manifest xmlns:android="http://schemas.android.com/apk/res/android"
3    package="com.ichi2.anki"
4    android:installLocation="auto"
5    android:versionCode="21500123"
6    android:versionName="2.15alpha23" >
7
8    <uses-sdk
9        android:minSdkVersion="21"
10        android:targetSdkVersion="29" />
11
12    <uses-feature
12-->src/main/AndroidManifest.xml:26:5-85
13        android:name="android.hardware.camera"
13-->src/main/AndroidManifest.xml:26:19-57
14        android:required="false" />
14-->src/main/AndroidManifest.xml:26:58-82
15    <uses-feature
15-->src/main/AndroidManifest.xml:27:5-89
16        android:name="android.hardware.camera.any"
16-->src/main/AndroidManifest.xml:27:19-61
17        android:required="false" />
17-->src/main/AndroidManifest.xml:27:62-86
18    <uses-feature
18-->src/main/AndroidManifest.xml:28:5-91
19        android:name="android.hardware.audio.output"
19-->src/main/AndroidManifest.xml:28:19-63
20        android:required="false" />
20-->src/main/AndroidManifest.xml:28:64-88
21    <uses-feature
21-->src/main/AndroidManifest.xml:29:5-90
22        android:name="android.software.app_widgets"
22-->src/main/AndroidManifest.xml:29:19-62
23        android:required="false" /> <!-- Suggested if we add a TV Launcher icon. We do not use leanback currently -->
23-->src/main/AndroidManifest.xml:29:63-87
24    <uses-feature
24-->src/main/AndroidManifest.xml:31:5-87
25        android:name="android.software.leanback"
25-->src/main/AndroidManifest.xml:31:19-59
26        android:required="false" />
26-->src/main/AndroidManifest.xml:31:60-84
27    <uses-feature
27-->src/main/AndroidManifest.xml:32:5-90
28        android:name="android.hardware.touchscreen"
28-->src/main/AndroidManifest.xml:32:19-62
29        android:required="false" />
29-->src/main/AndroidManifest.xml:32:63-87
30    <uses-feature
30-->src/main/AndroidManifest.xml:33:5-35:36
31        android:name="android.hardware.bluetooth"
31-->src/main/AndroidManifest.xml:34:9-50
32        android:required="false" />
32-->src/main/AndroidManifest.xml:35:9-33
33
34    <uses-permission android:name="android.permission.WRITE_EXTERNAL_STORAGE" />
34-->src/main/AndroidManifest.xml:37:5-81
34-->src/main/AndroidManifest.xml:37:22-78
35    <uses-permission android:name="android.permission.VIBRATE" />
35-->src/main/AndroidManifest.xml:38:5-66
35-->src/main/AndroidManifest.xml:38:22-63
36    <uses-permission android:name="android.permission.INTERNET" />
36-->src/main/AndroidManifest.xml:39:5-67
36-->src/main/AndroidManifest.xml:39:22-64
37    <uses-permission android:name="android.permission.ACCESS_NETWORK_STATE" />
37-->src/main/AndroidManifest.xml:40:5-79
37-->src/main/AndroidManifest.xml:40:22-76
38    <uses-permission android:name="android.permission.RECORD_AUDIO" />
38-->src/main/AndroidManifest.xml:41:5-71
38-->src/main/AndroidManifest.xml:41:22-68
39    <uses-permission android:name="android.permission.WAKE_LOCK" />
39-->src/main/AndroidManifest.xml:42:5-88
39-->src/main/AndroidManifest.xml:42:22-65
40    <uses-permission android:name="android.permission.CAMERA" />
40-->src/main/AndroidManifest.xml:43:5-65
40-->src/main/AndroidManifest.xml:43:22-62
41    <uses-permission android:name="android.permission.RECEIVE_BOOT_COMPLETED" />
41-->src/main/AndroidManifest.xml:44:5-81
41-->src/main/AndroidManifest.xml:44:22-78
42
43    <permission
43-->src/main/AndroidManifest.xml:45:5-49:19
44        android:name="com.ichi2.anki.permission.READ_WRITE_DATABASE"
44-->src/main/AndroidManifest.xml:45:17-77
45        android:description="@string/read_write_permission_description"
45-->src/main/AndroidManifest.xml:47:17-80
46        android:label="@string/read_write_permission_label"
46-->src/main/AndroidManifest.xml:46:17-68
47        android:protectionLevel="dangerous" />
47-->src/main/AndroidManifest.xml:48:17-52
48
49    <uses-permission android:name="android.permission.BLUETOOTH" />
49-->src/main/AndroidManifest.xml:51:5-67
49-->src/main/AndroidManifest.xml:51:22-65
50    <uses-permission android:name="android.permission.BLUETOOTH_ADMIN" />
50-->src/main/AndroidManifest.xml:52:5-73
50-->src/main/AndroidManifest.xml:52:22-71
51    <uses-permission android:name="android.permission.ACCESS_FINE_LOCATION" />
51-->src/main/AndroidManifest.xml:53:5-78
51-->src/main/AndroidManifest.xml:53:22-76
52    <uses-permission android:name="android.permission.ACCESS_WIFI_STATE" />
52-->src/main/AndroidManifest.xml:54:5-75
52-->src/main/AndroidManifest.xml:54:22-73
53
54    <supports-screens
54-->src/main/AndroidManifest.xml:56:5-63:11
55        android:anyDensity="true"
55-->src/main/AndroidManifest.xml:57:9-34
56        android:largeScreens="true"
56-->src/main/AndroidManifest.xml:58:9-36
57        android:normalScreens="true"
57-->src/main/AndroidManifest.xml:59:9-37
58        android:resizeable="true"
58-->src/main/AndroidManifest.xml:60:9-34
59        android:smallScreens="true"
59-->src/main/AndroidManifest.xml:61:9-36
60        android:xlargeScreens="true" />
60-->src/main/AndroidManifest.xml:62:9-37
61
62    <uses-permission android:name="com.ichi2.anki.permission.READ_WRITE_DATABASE" />
62-->[:api] AndroidManifest.xml:11:5-85
62-->[:api] AndroidManifest.xml:11:22-82
63    <uses-permission android:name="android.permission.REORDER_TASKS" />
63-->[androidx.fragment:fragment-testing:1.2.5] AndroidManifest.xml:25:5-72
63-->[androidx.fragment:fragment-testing:1.2.5] AndroidManifest.xml:25:22-69
64
65    <application
65-->src/main/AndroidManifest.xml:65:5-492:19
66        android:name="com.ichi2.anki.AnkiDroidApp"
66-->src/main/AndroidManifest.xml:66:9-51
67        android:allowBackup="true"
67-->src/main/AndroidManifest.xml:68:9-35
68        android:appComponentFactory="androidx.core.app.CoreComponentFactory"
68-->[androidx.core:core:1.3.1] AndroidManifest.xml:24:18-86
69        android:banner="@drawable/tv_banner"
69-->src/main/AndroidManifest.xml:75:9-45
70        android:debuggable="true"
71        android:icon="@mipmap/ic_launcher"
71-->src/main/AndroidManifest.xml:69:9-43
72        android:label="@string/app_name"
72-->src/main/AndroidManifest.xml:67:9-41
73        android:largeHeap="true"
73-->src/main/AndroidManifest.xml:73:9-33
74        android:networkSecurityConfig="@xml/network_security_config"
74-->src/main/AndroidManifest.xml:74:9-69
75        android:requestLegacyExternalStorage="true"
75-->src/main/AndroidManifest.xml:76:9-52
76        android:resizeableActivity="true"
76-->src/main/AndroidManifest.xml:77:9-42
77        android:roundIcon="@mipmap/ic_launcher_round"
77-->src/main/AndroidManifest.xml:70:9-54
78        android:usesCleartextTraffic="true"
78-->src/main/AndroidManifest.xml:72:9-44
79        android:windowSoftInputMode="adjustResize" >
79-->src/main/AndroidManifest.xml:71:9-51
80
81        <!--
82             To use AndroidX Test APIs on Activity sub-classes, you must have valid
83             Activity entries in your AndroidManifest. Manifest merger only happens with
84             build variants, and tests always run with the debug build variant, so test-only
85             Activity subclasses are defined here, and this file is included in debug.sourceSet
86             https://developer.android.com/studio/build/manifest-merge
87             https://issuetracker.google.com/issues/37001185
88        -->
89        <activity android:name="com.ichi2.anki.TestCardTemplatePreviewer" >
89-->src/test/AndroidManifest.xml:12:9-14:20
89-->src/test/AndroidManifest.xml:13:13-68
90        </activity>
91        <activity
91-->src/main/AndroidManifest.xml:79:9-166:20
92            android:name="com.ichi2.anki.IntentHandler"
92-->src/main/AndroidManifest.xml:80:13-56
93            android:configChanges="keyboardHidden|orientation|screenSize|locale"
93-->src/main/AndroidManifest.xml:82:13-81
94            android:label="@string/app_name"
94-->src/main/AndroidManifest.xml:81:13-45
95            android:theme="@android:style/Theme.Translucent.NoTitleBar" >
95-->src/main/AndroidManifest.xml:83:13-72
96            <intent-filter>
96-->src/main/AndroidManifest.xml:85:13-90:29
97                <action android:name="android.intent.action.MAIN" />
97-->src/main/AndroidManifest.xml:86:17-69
97-->src/main/AndroidManifest.xml:86:25-66
98
99                <category android:name="android.intent.category.LAUNCHER" />
99-->src/main/AndroidManifest.xml:87:17-77
99-->src/main/AndroidManifest.xml:87:27-74
100                <category android:name="android.intent.category.MULTIWINDOW_LAUNCHER" />
100-->src/main/AndroidManifest.xml:88:17-89
100-->src/main/AndroidManifest.xml:88:27-86
101                <category android:name="android.intent.category.LEANBACK_LAUNCHER" />
101-->src/main/AndroidManifest.xml:89:17-86
101-->src/main/AndroidManifest.xml:89:27-83
102            </intent-filter>
103            <!-- *.apkg matcher. NOTE: when pathPattern is used, host and scheme must also be specified -->
104            <intent-filter>
104-->src/main/AndroidManifest.xml:92:13-147:29
105                <action android:name="android.intent.action.VIEW" />
105-->src/main/AndroidManifest.xml:93:17-69
105-->src/main/AndroidManifest.xml:93:25-66
106
107                <category android:name="android.intent.category.DEFAULT" />
107-->src/main/AndroidManifest.xml:94:17-76
107-->src/main/AndroidManifest.xml:94:27-73
108                <category android:name="android.intent.category.BROWSABLE" />
108-->src/main/AndroidManifest.xml:95:17-78
108-->src/main/AndroidManifest.xml:95:27-75
109                <!-- .apkg files -->
110                <data
110-->src/main/AndroidManifest.xml:97:17-102:23
111                    android:host="*"
111-->src/main/AndroidManifest.xml:98:21-37
112                    android:mimeType="*/*"
112-->src/main/AndroidManifest.xml:99:21-43
113                    android:pathPattern=".*\\.apkg"
113-->src/main/AndroidManifest.xml:100:21-52
114                    android:scheme="http" />
114-->src/main/AndroidManifest.xml:101:21-42
115                <data
115-->src/main/AndroidManifest.xml:97:17-102:23
116                    android:host="*"
116-->src/main/AndroidManifest.xml:98:21-37
117                    android:mimeType="*/*"
117-->src/main/AndroidManifest.xml:99:21-43
118                    android:pathPattern=".*\\.apkg"
118-->src/main/AndroidManifest.xml:100:21-52
119                    android:scheme="https" />
119-->src/main/AndroidManifest.xml:101:21-42
120                <data
120-->src/main/AndroidManifest.xml:97:17-102:23
121                    android:host="*"
121-->src/main/AndroidManifest.xml:98:21-37
122                    android:mimeType="*/*"
122-->src/main/AndroidManifest.xml:99:21-43
123                    android:pathPattern=".*\\.apkg"
123-->src/main/AndroidManifest.xml:100:21-52
124                    android:scheme="content" />
124-->src/main/AndroidManifest.xml:101:21-42
125                <data
125-->src/main/AndroidManifest.xml:97:17-102:23
126                    android:host="*"
126-->src/main/AndroidManifest.xml:98:21-37
127                    android:mimeType="*/*"
127-->src/main/AndroidManifest.xml:99:21-43
128                    android:pathPattern=".*\\.apkg"
128-->src/main/AndroidManifest.xml:100:21-52
129                    android:scheme="file" />
129-->src/main/AndroidManifest.xml:101:21-42
130                <!-- .colpkg files -->
131                <data
131-->src/main/AndroidManifest.xml:97:17-102:23
132                    android:host="*"
132-->src/main/AndroidManifest.xml:98:21-37
133                    android:mimeType="*/*"
133-->src/main/AndroidManifest.xml:99:21-43
134                    android:pathPattern=".*\\.colpkg"
134-->src/main/AndroidManifest.xml:100:21-52
135                    android:scheme="http" />
135-->src/main/AndroidManifest.xml:101:21-42
136                <data
136-->src/main/AndroidManifest.xml:97:17-102:23
137                    android:host="*"
137-->src/main/AndroidManifest.xml:98:21-37
138                    android:mimeType="*/*"
138-->src/main/AndroidManifest.xml:99:21-43
139                    android:pathPattern=".*\\.colpkg"
139-->src/main/AndroidManifest.xml:100:21-52
140                    android:scheme="https" />
140-->src/main/AndroidManifest.xml:101:21-42
141                <data
141-->src/main/AndroidManifest.xml:97:17-102:23
142                    android:host="*"
142-->src/main/AndroidManifest.xml:98:21-37
143                    android:mimeType="*/*"
143-->src/main/AndroidManifest.xml:99:21-43
144                    android:pathPattern=".*\\.colpkg"
144-->src/main/AndroidManifest.xml:100:21-52
145                    android:scheme="content" />
145-->src/main/AndroidManifest.xml:101:21-42
146                <data
146-->src/main/AndroidManifest.xml:97:17-102:23
147                    android:host="*"
147-->src/main/AndroidManifest.xml:98:21-37
148                    android:mimeType="*/*"
148-->src/main/AndroidManifest.xml:99:21-43
149                    android:pathPattern=".*\\.colpkg"
149-->src/main/AndroidManifest.xml:100:21-52
150                    android:scheme="file" />
150-->src/main/AndroidManifest.xml:101:21-42
151            </intent-filter>
152            <!-- MIME type matcher for .apkg files coming from providers like gmail which hide the file extension -->
153            <intent-filter>
153-->src/main/AndroidManifest.xml:149:13-159:29
154                <action android:name="android.intent.action.VIEW" />
154-->src/main/AndroidManifest.xml:93:17-69
154-->src/main/AndroidManifest.xml:93:25-66
155
156                <category android:name="android.intent.category.DEFAULT" />
156-->src/main/AndroidManifest.xml:94:17-76
156-->src/main/AndroidManifest.xml:94:27-73
157
158                <data android:mimeType="application/apkg" />
158-->src/main/AndroidManifest.xml:97:17-102:23
158-->src/main/AndroidManifest.xml:99:21-43
159                <data android:mimeType="application/colpkg" />
159-->src/main/AndroidManifest.xml:97:17-102:23
159-->src/main/AndroidManifest.xml:99:21-43
160                <data android:mimeType="application/vnd.anki" />
160-->src/main/AndroidManifest.xml:97:17-102:23
160-->src/main/AndroidManifest.xml:99:21-43
161                <data android:mimeType="application/x-apkg" />
161-->src/main/AndroidManifest.xml:97:17-102:23
161-->src/main/AndroidManifest.xml:99:21-43
162                <data android:mimeType="application/x-colpkg" />
162-->src/main/AndroidManifest.xml:97:17-102:23
162-->src/main/AndroidManifest.xml:99:21-43
163                <data
163-->src/main/AndroidManifest.xml:97:17-102:23
164                    android:mimeType="application/octet-stream"
164-->src/main/AndroidManifest.xml:99:21-43
165                    android:scheme="content" />
165-->src/main/AndroidManifest.xml:101:21-42
166                <data
166-->src/main/AndroidManifest.xml:97:17-102:23
167                    android:mimeType="application/zip"
167-->src/main/AndroidManifest.xml:99:21-43
168                    android:scheme="content" />
168-->src/main/AndroidManifest.xml:101:21-42
169            </intent-filter>
170
171            <!-- Tasker DO_SYNC intent -->
172            <intent-filter>
172-->src/main/AndroidManifest.xml:162:13-165:29
173                <action android:name="com.ichi2.anki.DO_SYNC" />
173-->src/main/AndroidManifest.xml:163:17-65
173-->src/main/AndroidManifest.xml:163:25-62
174
175                <category android:name="android.intent.category.DEFAULT" />
175-->src/main/AndroidManifest.xml:94:17-76
175-->src/main/AndroidManifest.xml:94:27-73
176            </intent-filter>
177        </activity>
178        <activity
178-->src/main/AndroidManifest.xml:167:9-173:15
179            android:name="com.ichi2.anki.DeckPicker"
179-->src/main/AndroidManifest.xml:168:13-53
180            android:configChanges="keyboardHidden|orientation|screenSize|locale"
180-->src/main/AndroidManifest.xml:172:13-81
181            android:exported="false"
181-->src/main/AndroidManifest.xml:171:13-37
182            android:label="@string/app_name"
182-->src/main/AndroidManifest.xml:169:13-45
183            android:theme="@style/Theme_Dark_Compat.Launcher" />
183-->src/main/AndroidManifest.xml:170:13-62
184        <activity
184-->src/main/AndroidManifest.xml:174:9-186:20
185            android:name="com.ichi2.anki.StudyOptionsActivity"
185-->src/main/AndroidManifest.xml:175:13-63
186            android:configChanges="keyboardHidden|locale|orientation|screenSize"
186-->src/main/AndroidManifest.xml:178:13-81
187            android:exported="false"
187-->src/main/AndroidManifest.xml:177:13-37
188            android:label="StudyOptions"
188-->src/main/AndroidManifest.xml:176:13-41
189            android:parentActivityName="com.ichi2.anki.DeckPicker" >
189-->src/main/AndroidManifest.xml:179:13-53
190
191            <!-- The meta-data element is needed for versions lower than 4.1 -->
192            <meta-data
192-->src/main/AndroidManifest.xml:182:13-185:19
193                android:name="android.support.PARENT_ACTIVITY"
193-->src/main/AndroidManifest.xml:183:17-63
194                android:value="com.ichi2.anki.DeckPicker" />
194-->src/main/AndroidManifest.xml:184:17-58
195        </activity>
196        <activity
196-->src/main/AndroidManifest.xml:201:9-213:20
197            android:name="com.ichi2.anki.CardBrowser"
197-->src/main/AndroidManifest.xml:202:13-54
198            android:configChanges="keyboardHidden|orientation|locale|screenSize"
198-->src/main/AndroidManifest.xml:205:13-81
199            android:exported="true"
199-->src/main/AndroidManifest.xml:204:13-36
200            android:label="@string/card_browser"
200-->src/main/AndroidManifest.xml:203:13-49
201            android:parentActivityName="com.ichi2.anki.DeckPicker" >
201-->src/main/AndroidManifest.xml:206:13-53
202
203            <!-- The meta-data element is needed for versions lower than 4.1 -->
204            <meta-data
204-->src/main/AndroidManifest.xml:182:13-185:19
205                android:name="android.support.PARENT_ACTIVITY"
205-->src/main/AndroidManifest.xml:183:17-63
206                android:value="com.ichi2.anki.DeckPicker" />
206-->src/main/AndroidManifest.xml:184:17-58
207        </activity> <!-- Context menu item name is the label, context is the system language -->
208        <!-- Note: This appears to require that the target label is variable -->
209        <activity-alias
209-->src/main/AndroidManifest.xml:190:9-200:26
210            android:name="com.ichi2.anki.CardBrowserContextMenuAction"
210-->src/main/AndroidManifest.xml:191:13-71
211            android:enabled="false"
211-->src/main/AndroidManifest.xml:193:13-36
212            android:label="@string/card_browser_context_menu"
212-->src/main/AndroidManifest.xml:192:13-62
213            android:targetActivity="com.ichi2.anki.CardBrowser" >
213-->src/main/AndroidManifest.xml:194:13-64
214            <intent-filter>
214-->src/main/AndroidManifest.xml:195:13-199:29
215                <action android:name="android.intent.action.PROCESS_TEXT" />
215-->src/main/AndroidManifest.xml:196:17-77
215-->src/main/AndroidManifest.xml:196:25-74
216
217                <category android:name="android.intent.category.DEFAULT" />
217-->src/main/AndroidManifest.xml:94:17-76
217-->src/main/AndroidManifest.xml:94:27-73
218
219                <data android:mimeType="text/plain" />
219-->src/main/AndroidManifest.xml:97:17-102:23
219-->src/main/AndroidManifest.xml:99:21-43
220            </intent-filter>
221        </activity-alias>
222
223        <activity
223-->src/main/AndroidManifest.xml:214:9-219:15
224            android:name="com.ichi2.anki.ModelBrowser"
224-->src/main/AndroidManifest.xml:215:13-41
225            android:configChanges="keyboardHidden|orientation|locale|screenSize"
225-->src/main/AndroidManifest.xml:218:13-81
226            android:exported="false"
226-->src/main/AndroidManifest.xml:217:13-37
227            android:label="@string/model_browser_label" />
227-->src/main/AndroidManifest.xml:216:13-56
228        <activity
228-->src/main/AndroidManifest.xml:220:9-224:15
229            android:name="com.ichi2.anki.ModelFieldEditor"
229-->src/main/AndroidManifest.xml:221:13-45
230            android:configChanges="keyboardHidden|orientation|locale|screenSize"
230-->src/main/AndroidManifest.xml:223:13-81
231            android:label="@string/model_editor_label" />
231-->src/main/AndroidManifest.xml:222:13-55
232        <activity
232-->src/main/AndroidManifest.xml:225:9-240:20
233            android:name="com.ichi2.anki.Reviewer"
233-->src/main/AndroidManifest.xml:226:13-51
234            android:configChanges="keyboardHidden|orientation|locale|screenSize"
234-->src/main/AndroidManifest.xml:228:13-81
235            android:exported="true"
235-->src/main/AndroidManifest.xml:227:13-36
236            android:parentActivityName="com.ichi2.anki.DeckPicker"
236-->src/main/AndroidManifest.xml:230:13-53
237            android:windowSoftInputMode="adjustResize" >
237-->src/main/AndroidManifest.xml:229:13-55
238
239            <!-- The meta-data element is needed for versions lower than 4.1 -->
240            <meta-data
240-->src/main/AndroidManifest.xml:182:13-185:19
241                android:name="android.support.PARENT_ACTIVITY"
241-->src/main/AndroidManifest.xml:183:17-63
242                android:value="com.ichi2.anki.DeckPicker" />
242-->src/main/AndroidManifest.xml:184:17-58
243
244            <intent-filter>
244-->src/main/AndroidManifest.xml:236:13-239:29
245                <action android:name="android.intent.action.VIEW" />
245-->src/main/AndroidManifest.xml:93:17-69
245-->src/main/AndroidManifest.xml:93:25-66
246
247                <category android:name="android.intent.category.DEFAULT" />
247-->src/main/AndroidManifest.xml:94:17-76
247-->src/main/AndroidManifest.xml:94:27-73
248            </intent-filter>
249        </activity>
250        <activity
250-->src/main/AndroidManifest.xml:241:9-246:15
251            android:name="com.ichi2.anki.VideoPlayer"
251-->src/main/AndroidManifest.xml:242:13-54
252            android:configChanges="keyboardHidden|orientation|locale|screenSize"
252-->src/main/AndroidManifest.xml:244:13-81
253            android:exported="false"
253-->src/main/AndroidManifest.xml:243:13-37
254            android:theme="@android:style/Theme.NoTitleBar.Fullscreen" />
254-->src/main/AndroidManifest.xml:245:13-71
255        <activity
255-->src/main/AndroidManifest.xml:247:9-252:15
256            android:name="com.ichi2.anki.MyAccount"
256-->src/main/AndroidManifest.xml:248:13-52
257            android:configChanges="keyboardHidden|orientation|locale|screenSize"
257-->src/main/AndroidManifest.xml:251:13-81
258            android:exported="false"
258-->src/main/AndroidManifest.xml:250:13-37
259            android:label="@string/menu_my_account" />
259-->src/main/AndroidManifest.xml:249:13-52
260        <activity
260-->src/main/AndroidManifest.xml:253:9-263:20
261            android:name="com.ichi2.anki.Preferences"
261-->src/main/AndroidManifest.xml:254:13-54
262            android:configChanges="keyboardHidden|orientation|locale|screenSize"
262-->src/main/AndroidManifest.xml:257:13-81
263            android:exported="false"
263-->src/main/AndroidManifest.xml:256:13-37
264            android:label="@string/preferences_title"
264-->src/main/AndroidManifest.xml:255:13-54
265            android:theme="@style/LegacyActionBarLight" >
265-->src/main/AndroidManifest.xml:258:13-56
266            <intent-filter>
266-->src/main/AndroidManifest.xml:260:13-262:29
267                <category android:name="android.intent.category.MONKEY" />
267-->src/main/AndroidManifest.xml:261:17-75
267-->src/main/AndroidManifest.xml:261:27-72
268            </intent-filter>
269        </activity>
270        <activity
270-->src/main/AndroidManifest.xml:264:9-270:15
271            android:name="com.ichi2.anki.DeckOptions"
271-->src/main/AndroidManifest.xml:265:13-54
272            android:configChanges="keyboardHidden|orientation|locale|screenSize"
272-->src/main/AndroidManifest.xml:268:13-81
273            android:exported="false"
273-->src/main/AndroidManifest.xml:267:13-37
274            android:label="@string/deckpreferences_title"
274-->src/main/AndroidManifest.xml:266:13-58
275            android:theme="@style/LegacyActionBarLight" />
275-->src/main/AndroidManifest.xml:269:13-56
276        <activity
276-->src/main/AndroidManifest.xml:271:9-277:15
277            android:name="com.ichi2.anki.FilteredDeckOptions"
277-->src/main/AndroidManifest.xml:272:13-48
278            android:configChanges="keyboardHidden|orientation|locale|screenSize"
278-->src/main/AndroidManifest.xml:275:13-81
279            android:exported="false"
279-->src/main/AndroidManifest.xml:274:13-37
280            android:label="@string/deckpreferences_title"
280-->src/main/AndroidManifest.xml:273:13-58
281            android:theme="@style/LegacyActionBarLight" />
281-->src/main/AndroidManifest.xml:276:13-56
282        <activity
282-->src/main/AndroidManifest.xml:278:9-283:15
283            android:name="com.ichi2.anki.Info"
283-->src/main/AndroidManifest.xml:279:13-47
284            android:configChanges="locale"
284-->src/main/AndroidManifest.xml:282:13-43
285            android:exported="false"
285-->src/main/AndroidManifest.xml:281:13-37
286            android:label="@string/about_title" />
286-->src/main/AndroidManifest.xml:280:13-48
287        <activity
287-->src/main/AndroidManifest.xml:296:9-311:20
288            android:name="com.ichi2.anki.NoteEditor"
288-->src/main/AndroidManifest.xml:297:13-53
289            android:configChanges="keyboardHidden|orientation|locale|screenSize"
289-->src/main/AndroidManifest.xml:300:13-81
290            android:exported="true"
290-->src/main/AndroidManifest.xml:299:13-36
291            android:label="@string/fact_adder_intent_title" >
291-->src/main/AndroidManifest.xml:298:13-60
292            <intent-filter>
292-->src/main/AndroidManifest.xml:302:13-305:29
293                <action android:name="org.openintents.action.CREATE_FLASHCARD" />
293-->src/main/AndroidManifest.xml:303:17-82
293-->src/main/AndroidManifest.xml:303:25-79
294
295                <category android:name="android.intent.category.DEFAULT" />
295-->src/main/AndroidManifest.xml:94:17-76
295-->src/main/AndroidManifest.xml:94:27-73
296            </intent-filter>
297            <intent-filter>
297-->src/main/AndroidManifest.xml:306:13-310:29
298                <action android:name="android.intent.action.SEND" />
298-->src/main/AndroidManifest.xml:307:17-69
298-->src/main/AndroidManifest.xml:307:25-66
299
300                <category android:name="android.intent.category.DEFAULT" />
300-->src/main/AndroidManifest.xml:94:17-76
300-->src/main/AndroidManifest.xml:94:27-73
301
302                <data android:mimeType="text/plain" />
302-->src/main/AndroidManifest.xml:97:17-102:23
302-->src/main/AndroidManifest.xml:99:21-43
303            </intent-filter>
304        </activity>
305
306        <activity-alias
306-->src/main/AndroidManifest.xml:285:9-295:26
307            android:name="com.ichi2.anki.AnkiCardContextMenuAction"
307-->src/main/AndroidManifest.xml:286:13-68
308            android:enabled="true"
308-->src/main/AndroidManifest.xml:288:13-35
309            android:label="@string/context_menu_anki_card_label"
309-->src/main/AndroidManifest.xml:287:13-65
310            android:targetActivity="com.ichi2.anki.NoteEditor" >
310-->src/main/AndroidManifest.xml:289:13-49
311            <intent-filter>
311-->src/main/AndroidManifest.xml:195:13-199:29
312                <action android:name="android.intent.action.PROCESS_TEXT" />
312-->src/main/AndroidManifest.xml:196:17-77
312-->src/main/AndroidManifest.xml:196:25-74
313
314                <category android:name="android.intent.category.DEFAULT" />
314-->src/main/AndroidManifest.xml:94:17-76
314-->src/main/AndroidManifest.xml:94:27-73
315
316                <data android:mimeType="text/plain" />
316-->src/main/AndroidManifest.xml:97:17-102:23
316-->src/main/AndroidManifest.xml:99:21-43
317            </intent-filter>
318        </activity-alias>
319
320        <activity
320-->src/main/AndroidManifest.xml:312:9-319:15
321            android:name="com.ichi2.anki.analytics.AnkiDroidCrashReportDialog"
321-->src/main/AndroidManifest.xml:313:13-79
322            android:excludeFromRecents="true"
322-->src/main/AndroidManifest.xml:317:13-46
323            android:finishOnTaskLaunch="true"
323-->src/main/AndroidManifest.xml:318:13-46
324            android:launchMode="singleInstance"
324-->src/main/AndroidManifest.xml:316:13-48
325            android:process=":acra"
325-->src/main/AndroidManifest.xml:315:13-36
326            android:theme="@style/Theme.CrashReportDialog" />
326-->src/main/AndroidManifest.xml:314:13-59
327        <activity
327-->src/main/AndroidManifest.xml:320:9-331:20
328            android:name="com.ichi2.anki.Statistics"
328-->src/main/AndroidManifest.xml:321:13-53
329            android:configChanges="keyboardHidden|orientation|locale|screenSize"
329-->src/main/AndroidManifest.xml:323:13-81
330            android:exported="false"
330-->src/main/AndroidManifest.xml:322:13-37
331            android:parentActivityName="com.ichi2.anki.DeckPicker" >
331-->src/main/AndroidManifest.xml:324:13-53
332
333            <!-- The meta-data element is needed for versions lower than 4.1 -->
334            <meta-data
334-->src/main/AndroidManifest.xml:182:13-185:19
335                android:name="android.support.PARENT_ACTIVITY"
335-->src/main/AndroidManifest.xml:183:17-63
336                android:value="com.ichi2.anki.DeckPicker" />
336-->src/main/AndroidManifest.xml:184:17-58
337        </activity>
338        <activity
338-->src/main/AndroidManifest.xml:332:9-337:15
339            android:name="com.ichi2.anki.Previewer"
339-->src/main/AndroidManifest.xml:333:13-52
340            android:configChanges="locale"
340-->src/main/AndroidManifest.xml:336:13-43
341            android:exported="false"